Build started 07/05/2011 16:16:28.
     1>Project "E:\dev\gcj\mine\BotTrust\BotTrust\BotTrust\BotTrust.vcxproj" on node 2 (build target(s)).
     1>InitializeBuildStatus:
         Creating "Debug\BotTrust.unsuccessfulbuild" because "AlwaysCreate" was specified.
       ClCompile:
         C:\Program Files (x86)\Microsoft Visual Studio 10.0\VC\bin\CL.exe /c /ZI /nologo /W3 /WX- /Od /Oy- /D WIN32 /D _DEBUG /D _CONSOLE /D _UNICODE /D UNICODE /Gm /EHsc /RTC1 /MDd /GS /fp:precise /Zc:wchar_t /Zc:forScope /Fo"Debug\\" /Fd"Debug\vc100.pdb" /Gd /TP /analyze- /errorReport:prompt BotTrust.cpp
         BotTrust.cpp
     1>e:\dev\gcj\mine\bottrust\bottrust\bottrust\bottrust.cpp(111): warning C4996: 'scanf': This function or variable may be unsafe. Consider using scanf_s instead. To disable deprecation, use _CRT_SECURE_NO_WARNINGS. See online help for details.
                 c:\program files (x86)\microsoft visual studio 10.0\vc\include\stdio.h(304) : see declaration of 'scanf'
     1>e:\dev\gcj\mine\bottrust\bottrust\bottrust\bottrust.cpp(118): warning C4996: 'scanf': This function or variable may be unsafe. Consider using scanf_s instead. To disable deprecation, use _CRT_SECURE_NO_WARNINGS. See online help for details.
                 c:\program files (x86)\microsoft visual studio 10.0\vc\include\stdio.h(304) : see declaration of 'scanf'
     1>e:\dev\gcj\mine\bottrust\bottrust\bottrust\bottrust.cpp(123): warning C4996: 'scanf': This function or variable may be unsafe. Consider using scanf_s instead. To disable deprecation, use _CRT_SECURE_NO_WARNINGS. See online help for details.
                 c:\program files (x86)\microsoft visual studio 10.0\vc\include\stdio.h(304) : see declaration of 'scanf'
       ManifestResourceCompile:
         All outputs are up-to-date.
       Link:
         C:\Program Files (x86)\Microsoft Visual Studio 10.0\VC\bin\link.exe /ERRORREPORT:PROMPT /OUT:"E:\dev\gcj\mine\BotTrust\BotTrust\Debug\BotTrust.exe" /INCREMENTAL /NOLOGO kernel32.lib user32.lib gdi32.lib winspool.lib comdlg32.lib advapi32.lib shell32.lib ole32.lib oleaut32.lib uuid.lib odbc32.lib odbccp32.lib /MANIFEST /ManifestFile:"Debug\BotTrust.exe.intermediate.manifest" /MANIFESTUAC:"level='asInvoker' uiAccess='false'" /DEBUG /PDB:"E:\dev\gcj\mine\BotTrust\BotTrust\Debug\BotTrust.pdb" /SUBSYSTEM:CONSOLE /TLBID:1 /DYNAMICBASE /NXCOMPAT /IMPLIB:"E:\dev\gcj\mine\BotTrust\BotTrust\Debug\BotTrust.lib" /MACHINE:X86 Debug\BotTrust.exe.embed.manifest.res
         Debug\BotTrust.obj
       Manifest:
         C:\Program Files (x86)\Microsoft SDKs\Windows\v7.0A\bin\mt.exe /nologo /verbose /out:"Debug\BotTrust.exe.embed.manifest" /manifest Debug\BotTrust.exe.intermediate.manifest
         All outputs are up-to-date.
       LinkEmbedManifest:
         All outputs are up-to-date.
         BotTrust.vcxproj -> E:\dev\gcj\mine\BotTrust\BotTrust\Debug\BotTrust.exe
       FinalizeBuildStatus:
         Deleting file "Debug\BotTrust.unsuccessfulbuild".
         Touching "Debug\BotTrust.lastbuildstate".
     1>Done Building Project "E:\dev\gcj\mine\BotTrust\BotTrust\BotTrust\BotTrust.vcxproj" (build target(s)).

Build succeeded.

Time Elapsed 00:00:00.73
